Hook post-commit exécuté à Sun Jan 26 06:59:07 PM CET 2025
Commit Hash: d00a4c10ce7ef972ee27960617b9a428ce025a07
Commit Date: 2025-01-26
Commit Message: Add the hook
Commit Author: thekester
Commit Link: https://github.com/thekester/myfirstmicrodissertationinsociology/commit/d00a4c10ce7ef972ee27960617b9a428ce025a07
Next Version: v001.000
Entrée ajoutée à history.txt
Hook post-commit exécuté à Sun Jan 26 07:00:51 PM CET 2025
Commit Hash: 5cadeacd230299385ad887f8c961b47105e2dd61
Commit Date: 2025-01-26
Commit Message: Add GitHub Actions workflow to update history.txt
Commit Author: thekester
Commit Link: https://github.com/thekester/myfirstmicrodissertationinsociology/commit/5cadeacd230299385ad887f8c961b47105e2dd61
Next Version: v001.001
Entrée ajoutée à history.txt
Hook post-commit exécuté à Mon Jan 27 11:03:09 PM CET 2025
Commit Hash: d3336966a61702b3c99a4948740fb971db5b111a
Commit Date: 2025-01-27
Commit Message: Update the index.html
Commit Author: thekester
Commit Link: https://github.com/thekester/myfirstmicrodissertationinsociology/commit/d3336966a61702b3c99a4948740fb971db5b111a
Next Version: v001.002
Entrée ajoutée à history.txt
Hook post-commit exécuté à Mon Jan 27 11:07:43 PM CET 2025
Commit Hash: 1987c300f2116048894dfd8086503f1ac2fb7b6b
Commit Date: 2025-01-27
Commit Message: Update the update-history workflow
Commit Author: thekester
Commit Link: https://github.com/thekester/myfirstmicrodissertationinsociology/commit/1987c300f2116048894dfd8086503f1ac2fb7b6b
Next Version: v001.003
Entrée ajoutée à history.txt
Hook post-commit exécuté à Mon Jan 27 11:10:53 PM CET 2025
Commit Hash: 45ef85bc469a91321c4926939ae80f5fcf0a45ef
Commit Date: 2025-01-27
Commit Message: Update the update-history workflow
Commit Author: thekester
Commit Link: https://github.com/thekester/myfirstmicrodissertationinsociology/commit/45ef85bc469a91321c4926939ae80f5fcf0a45ef
Next Version: v001.004
Entrée ajoutée à history.txt
Hook post-commit exécuté à Mon Jan 27 11:12:58 PM CET 2025
Commit Hash: 00f22c4c1e1cd24bccaf601524ba4d6f6fa5f023
Commit Date: 2025-01-27
Commit Message: Update the update-history workflow
Commit Author: thekester
Commit Link: https://github.com/thekester/myfirstmicrodissertationinsociology/commit/00f22c4c1e1cd24bccaf601524ba4d6f6fa5f023
Next Version: v001.005
Entrée ajoutée à history.txt
